<?xml version="1.0" encoding="UTF-8"?>
<!-- Generated by org.testng.reporters.JUnitReportReporter -->
<testsuite hostname="CETC23612" name="org.apache.struts2.TestNGStrutsTestCaseTest$RunTest" tests="1" failures="0" timestamp="29 Dec 2018 13:45:24 GMT" time="0.000" errors="0">
  <testcase name="testRun" time="0.000" classname="org.apache.struts2.TestNGStrutsTestCaseTest$RunTest"/>
</testsuite> <!-- org.apache.struts2.TestNGStrutsTestCaseTest$RunTest -->
